Log file open, 08/25/18 13:37:18
LogWindows: Failed to load 'aqProf.dll' (GetLastError=126)
LogWindows: File 'aqProf.dll' does not exist
LogWindows: Failed to load 'VSPerf140.dll' (GetLastError=126)
LogWindows: File 'VSPerf140.dll' does not exist
LogWindows: Failed to load 'VtuneApi.dll' (GetLastError=126)
LogWindows: File 'VtuneApi.dll' does not exist
LogWindows: Failed to load 'VtuneApi32e.dll' (GetLastError=126)
LogWindows: File 'VtuneApi32e.dll' does not exist
LogInit: Display: Running engine without a game
LogPlatformFile: Not using cached read wrapper
LogInit: Display: Loading recent project file: ../../../../../Testgame_1/thirdpersondude/thirdpersondude.uproject
LogTaskGraph: Started task graph with 5 named threads and 23 total threads with 3 sets of task threads.
LogStats: Stats thread started at 0.287114
LogD3D11RHI: Loaded GFSDK_Aftermath_Lib.x64.dll
LogICUInternationalization: Display: ICU TimeZone Detection - Raw Offset: +2:00, Platform Override: ''
LogPluginManager: Mounting plugin Paper2D
LogPluginManager: Mounting plugin AISupport
LogPluginManager: Mounting plugin LightPropagationVolume
LogPluginManager: Mounting plugin CLionSourceCodeAccess
LogPluginManager: Mounting plugin CodeLiteSourceCodeAccess
LogPluginManager: Mounting plugin GitSourceControl
LogPluginManager: Mounting plugin KDevelopSourceCodeAccess
LogPluginManager: Mounting plugin NullSourceCodeAccess
LogPluginManager: Mounting plugin PerforceSourceControl
LogPluginManager: Mounting plugin SubversionSourceControl
LogPluginManager: Mounting plugin UObjectPlugin
LogPluginManager: Mounting plugin VisualStudioCodeSourceCodeAccess
LogPluginManager: Mounting plugin VisualStudioSourceCodeAccess
LogPluginManager: Mounting plugin XCodeSourceCodeAccess
LogPluginManager: Mounting plugin AssetManagerEditor
LogPluginManager: Mounting plugin CryptoKeys
LogPluginManager: Mounting plugin DataValidation
LogPluginManager: Mounting plugin FacialAnimation
LogPluginManager: Mounting plugin GameplayTagsEditor
LogPluginManager: Mounting plugin MacGraphicsSwitching
LogPluginManager: Mounting plugin MeshEditor
LogPluginManager: Mounting plugin MobileLauncherProfileWizard
LogPluginManager: Mounting plugin PluginBrowser
LogPluginManager: Mounting plugin SpeedTreeImporter
LogPluginManager: Mounting plugin DatasmithContent
LogPluginManager: Mounting plugin AlembicImporter
LogPluginManager: Mounting plugin AppleImageUtils
LogPluginManager: Mounting plugin AppleVision
LogPluginManager: Mounting plugin BackChannel
LogPluginManager: Mounting plugin CharacterAI
LogPluginManager: Mounting plugin GeometryCache
LogPluginManager: Mounting plugin HTML5Networking
LogPluginManager: Mounting plugin ProxyLODPlugin
LogPluginManager: Mounting plugin MagicLeap
LogPluginManager: Mounting plugin MagicLeapEmulator
LogPluginManager: Mounting plugin MagicLeapMedia
LogPluginManager: Mounting plugin AndroidMedia
LogPluginManager: Mounting plugin AvfMedia
LogPluginManager: Mounting plugin ImgMedia
LogPluginManager: Mounting plugin LinearTimecode
LogPluginManager: Mounting plugin MediaCompositing
LogPluginManager: Mounting plugin MediaPlayerEditor
LogPluginManager: Mounting plugin WmfMedia
LogPluginManager: Mounting plugin TcpMessaging
LogPluginManager: Mounting plugin UdpMessaging
LogPluginManager: Mounting plugin ActorSequence
LogPluginManager: Mounting plugin LevelSequenceEditor
LogPluginManager: Mounting plugin MatineeToLevelSequence
LogPluginManager: Mounting plugin NetcodeUnitTest
LogPluginManager: Mounting plugin NUTUnrealEngine4
LogPluginManager: Mounting plugin OnlineSubsystemGooglePlay
LogPluginManager: Mounting plugin OnlineSubsystemIOS
LogPluginManager: Mounting plugin OnlineSubsystem
LogPluginManager: Mounting plugin OnlineSubsystemNull
LogPluginManager: Mounting plugin OnlineSubsystemUtils
LogPluginManager: Mounting plugin LauncherChunkInstaller
LogPluginManager: Mounting plugin AndroidDeviceProfileSelector
LogPluginManager: Mounting plugin AndroidMoviePlayer
LogPluginManager: Mounting plugin AndroidPermission
LogPluginManager: Mounting plugin AppleMoviePlayer
LogPluginManager: Mounting plugin ArchVisCharacter
LogPluginManager: Mounting plugin AudioCapture
LogPluginManager: Mounting plugin CableComponent
LogPluginManager: Mounting plugin CustomMeshComponent
LogPluginManager: Mounting plugin EditableMesh
LogPluginManager: Mounting plugin ExampleDeviceProfileSelector
LogPluginManager: Mounting plugin GoogleCloudMessaging
LogPluginManager: Mounting plugin ImmediatePhysics
LogPluginManager: Mounting plugin IOSDeviceProfileSelector
LogPluginManager: Mounting plugin LinuxDeviceProfileSelector
LogPluginManager: Mounting plugin LocationServicesBPLibrary
LogPluginManager: Mounting plugin MobilePatchingUtils
LogPluginManager: Mounting plugin OculusVR
LogPluginManager: Plugin shader directory ../../../Engine/Plugins/Runtime/Oculus/OculusVR/Shaders found
LogPluginManager: Mapping shader source directory ../../../Engine/Plugins/Runtime/Oculus/OculusVR/Shaders to virtual directory /Plugin/OculusVR
LogPluginManager: Mounting plugin PhysXVehicles
LogPluginManager: Mounting plugin ProceduralMeshComponent
LogPluginManager: Mounting plugin RuntimePhysXCooking
LogPluginManager: Mounting plugin SteamVR
LogPluginManager: Mounting plugin WindowsMoviePlayer
LogStreaming: Display: Took  0.074s to configure plugins.
LogInit: Using libcurl 7.55.1-DEV
LogInit:  - built for x86_64-pc-win32
LogInit:  - supports SSL with OpenSSL/1.0.2h
LogInit:  - supports HTTP deflate (compression) using libz 1.2.8
LogInit:  - other features:
LogInit:      CURL_VERSION_SSL
LogInit:      CURL_VERSION_LIBZ
LogInit:      CURL_VERSION_IPV6
LogInit:      CURL_VERSION_ASYNCHDNS
LogInit:      CURL_VERSION_LARGEFILE
LogInit:      CURL_VERSION_IDN
LogInit:  CurlRequestOptions (configurable via config and command line):
LogInit:  - bVerifyPeer = false  - Libcurl will NOT verify peer certificate
LogInit:  - bUseHttpProxy = false  - Libcurl will NOT use HTTP proxy
LogInit:  - bDontReuseConnections = false  - Libcurl will reuse connections
LogInit:  - CertBundlePath = nullptr  - Libcurl will use whatever was configured at build time.
LogInit:  - MaxHostConnections = 16  - Libcurl will limit the number of connections to a host
LogInit:  - LocalHostAddr = Default
LogInit:  - BufferSize = 65536
LogInit: WinSock: version 1.1 (2.2), MaxSocks=32767, MaxUdp=65467
LogInit: Build: ++UE4+Release-4.20-CL-4302132
LogInit: Engine Version: 4.20.2-4302132+++UE4+Release-4.20
LogInit: Compatible Engine Version: 4.20.0-4212847+++UE4+Release-4.20
LogInit: Net CL: 4212847
LogInit: OS: Windows 10 (), CPU: Intel(R) Core(TM) i7-7700HQ CPU @ 2.80GHz, GPU: Intel(R) HD Graphics 630
LogInit: Compiled (64-bit): Aug 21 2018 02:06:06
LogInit: Compiled with Visual C++: 19.13.26129.00
LogInit: Build Configuration: Development
LogInit: Branch Name: ++UE4+Release-4.20
LogInit: Command Line: 
LogInit: Base Directory: D:/Ashwitch/UE_4.20/Engine/Binaries/Win64/
LogInit: Installed Engine Build: 1
LogDevObjectVersion: Number of dev versions registered: 20
LogDevObjectVersion:   Dev-Blueprints (B0D832E4-1F89-4F0D-ACCF-7EB736FD4AA2): 10
LogDevObjectVersion:   Dev-Build (E1C64328-A22C-4D53-A36C-8E866417BD8C): 0
LogDevObjectVersion:   Dev-Core (375EC13C-06E4-48FB-B500-84F0262A717E): 2
LogDevObjectVersion:   Dev-Editor (E4B068ED-F494-42E9-A231-DA0B2E46BB41): 24
LogDevObjectVersion:   Dev-Framework (CFFC743F-43B0-4480-9391-14DF171D2073): 34
LogDevObjectVersion:   Dev-Mobile (B02B49B5-BB20-44E9-A304-32B752E40360): 2
LogDevObjectVersion:   Dev-Networking (A4E4105C-59A1-49B5-A7C5-40C4547EDFEE): 0
LogDevObjectVersion:   Dev-Online (39C831C9-5AE6-47DC-9A44-9C173E1C8E7C): 0
LogDevObjectVersion:   Dev-Physics (78F01B33-EBEA-4F98-B9B4-84EACCB95AA2): 0
LogDevObjectVersion:   Dev-Platform (6631380F-2D4D-43E0-8009-CF276956A95A): 0
LogDevObjectVersion:   Dev-Rendering (12F88B9F-8875-4AFC-A67C-D90C383ABD29): 26
LogDevObjectVersion:   Dev-Sequencer (7B5AE74C-D270-4C10-A958-57980B212A5A): 9
LogDevObjectVersion:   Dev-VR (D7296918-1DD6-4BDD-9DE2-64A83CC13884): 2
LogDevObjectVersion:   Dev-LoadTimes (C2A15278-BFE7-4AFE-6C17-90FF531DF755): 1
LogDevObjectVersion:   Private-Geometry (6EACA3D4-40EC-4CC1-B786-8BED09428FC5): 3
LogDevObjectVersion:   Dev-AnimPhys (29E575DD-E0A3-4627-9D10-D276232CDCEA): 17
LogDevObjectVersion:   Dev-ReflectionCapture (6B266CEC-1EC7-4B8F-A30B-E4D90942FC07): 1
LogDevObjectVersion:   Dev-Automation (0DF73D61-A23F-47EA-B727-89E90C41499A): 1
LogDevObjectVersion:   FortniteMain (601D1886-AC64-4F84-AA16-D3DE0DEAC7D6): 12
LogDevObjectVersion:   Dev-Enterprise (9DFFBCD6-494F-0158-E221-12823C92A888): 1
LogStreaming: Display: Took  0.000s to delete old logs.
LogInit: Presizing for max 8388607 objects, including 0 objects not considered by GC, pre-allocating 0 bytes for permanent pool.
LogInit: Object subsystem initialized
[2018.08.25-10.37.18:388][  0]LogInit: Selected Device Profile: [Windows]
[2018.08.25-10.37.18:388][  0]LogInit: Applying CVar settings loaded from the selected device profile: [Windows]
[2018.08.25-10.37.18:399][  0]LogHAL: Display: Platform has ~ 8 GB [8476856320 / 8589934592 / 8], which maps to Default [LargestMinGB=32, LargerMinGB=12, DefaultMinGB=8, SmallerMinGB=6, SmallestMinGB=0)
[2018.08.25-10.37.18:399][  0]LogInit: Setting Device Profile CVar: [[r.Vulkan.UseRealUBs:1]]
[2018.08.25-10.37.18:399][  0]LogInit: Going up to parent DeviceProfile []
[2018.08.25-10.37.18:400][  0]LogInit: Computer: LAPTOP-DOSN98DI
[2018.08.25-10.37.18:400][  0]LogInit: User: Berserk
[2018.08.25-10.37.18:400][  0]LogInit: CPU Page size=4096, Cores=4
[2018.08.25-10.37.18:400][  0]LogInit: High frequency timer resolution =2.742188 MHz
[2018.08.25-10.37.18:400][  0]LogMemory: Memory total: Physical=7.9GB (8GB approx)
[2018.08.25-10.37.18:400][  0]LogMemory: Platform Memory Stats for Windows
[2018.08.25-10.37.18:400][  0]LogMemory: Process Physical Memory: 99.30 MB used, 99.30 MB peak
[2018.08.25-10.37.18:400][  0]LogMemory: Process Virtual Memory: 90.85 MB used, 90.85 MB peak
[2018.08.25-10.37.18:400][  0]LogMemory: Physical Memory: 3054.19 MB used,  5029.97 MB free, 8084.16 MB total
[2018.08.25-10.37.18:400][  0]LogMemory: Virtual Memory: 4640.08 MB used,  5029.97 MB free, 134217728.00 MB total
[2018.08.25-10.37.18:432][  0]LogInit: Using OS detected language (en-US).
[2018.08.25-10.37.18:433][  0]LogInit: Using OS detected locale (en-US).
[2018.08.25-10.37.18:433][  0]LogTextLocalizationManager: No specific localization for 'en-US' exists, so the 'en' localization will be used.
[2018.08.25-10.37.18:876][  0]LogStreaming: Display: Took  0.443s to InitEngineTextLocalization.
[2018.08.25-10.37.18:876][  0]LogInit: Setting process to per monitor DPI aware
[2018.08.25-10.37.18:921][  0]LogSlate: New Slate User Created.  User Index 0, Is Virtual User: 0
[2018.08.25-10.37.18:921][  0]LogSlate: Slate User Registered.  User Index 0, Is Virtual User: 0
[2018.08.25-10.37.19:153][  0]LogHMD: Failed to initialize OpenVR with code 110
[2018.08.25-10.37.19:153][  0]LogD3D11RHI: D3D11 adapters:
[2018.08.25-10.37.19:237][  0]LogD3D11RHI:    0. 'NVIDIA GeForce GTX 1060 with Max-Q Design' (Feature Level 11_0)
[2018.08.25-10.37.19:237][  0]LogD3D11RHI:       6052/0/4042 MB DedicatedVideo/DedicatedSystem/SharedSystem, Outputs:1, VendorId:0x10de
[2018.08.25-10.37.19:249][  0]LogD3D11RHI:    1. 'Intel(R) HD Graphics 630' (Feature Level 11_0)
[2018.08.25-10.37.19:249][  0]LogD3D11RHI:       128/0/4042 MB DedicatedVideo/DedicatedSystem/SharedSystem, Outputs:0, VendorId:0x8086
[2018.08.25-10.37.19:251][  0]LogD3D11RHI:    2. 'Microsoft Basic Render Driver' (Feature Level 11_0)
[2018.08.25-10.37.19:251][  0]LogD3D11RHI:       0/0/4042 MB DedicatedVideo/DedicatedSystem/SharedSystem, Outputs:0, VendorId:0x1414
[2018.08.25-10.37.19:251][  0]LogD3D11RHI: Chosen D3D11 Adapter: 0
[2018.08.25-10.37.19:277][  0]LogD3D11RHI: Creating new Direct3DDevice
[2018.08.25-10.37.19:278][  0]LogD3D11RHI:     GPU DeviceId: 0x1c20 (for the marketing name, search the web for "GPU Device Id")
[2018.08.25-10.37.19:278][  0]LogWindows: EnumDisplayDevices:
[2018.08.25-10.37.19:278][  0]LogWindows:    0. 'Intel(R) HD Graphics 630' (P:1 D:1)
[2018.08.25-10.37.19:278][  0]LogWindows:    1. 'Intel(R) HD Graphics 630' (P:0 D:0)
[2018.08.25-10.37.19:278][  0]LogWindows:    2. 'Intel(R) HD Graphics 630' (P:0 D:0)
[2018.08.25-10.37.19:279][  0]LogWindows:    3. 'NVIDIA GeForce GTX 1060 with Max-Q Design' (P:0 D:0)
[2018.08.25-10.37.19:279][  0]LogWindows:    4. 'NVIDIA GeForce GTX 1060 with Max-Q Design' (P:0 D:0)
[2018.08.25-10.37.19:279][  0]LogWindows:    5. 'NVIDIA GeForce GTX 1060 with Max-Q Design' (P:0 D:0)
[2018.08.25-10.37.19:279][  0]LogWindows:    6. 'NVIDIA GeForce GTX 1060 with Max-Q Design' (P:0 D:0)
[2018.08.25-10.37.19:279][  0]LogWindows: DebugString: PrimaryIsNotTheChoosenAdapter PrimaryIsNotTheChoosenAdapter PrimaryIsNotTheChoosenAdapter FoundDriverCount:4 
[2018.08.25-10.37.19:279][  0]LogD3D11RHI:     Adapter Name: NVIDIA GeForce GTX 1060 with Max-Q Design
[2018.08.25-10.37.19:279][  0]LogD3D11RHI:   Driver Version: 398.82 (internal:24.21.13.9882, unified:398.82)
[2018.08.25-10.37.19:279][  0]LogD3D11RHI:      Driver Date: 7-30-2018
[2018.08.25-10.37.19:279][  0]LogRHI: Texture pool is 4236 MB (70% of 6052 MB)
[2018.08.25-10.37.19:330][  0]LogD3D11RHI: Async texture creation enabled
[2018.08.25-10.37.19:370][  0]LogD3D11RHI: GPU Timing Frequency: 1000.000000 (Debug: 2 2)
[2018.08.25-10.37.19:372][  0]LogShaderCompilers: Guid format shader working directory is 7 characters bigger than the processId version (../../../../../Testgame_1/thirdpersondude/Intermediate/Shaders/WorkingDirectory/4720/).
[2018.08.25-10.37.19:372][  0]LogShaderCompilers: Cleaned the shader compiler working directory 'C:/Users/Berserk/AppData/Local/Temp/UnrealShaderWorkingDir/C796B51C457E5E1B9009B38DB517A054/'.
[2018.08.25-10.37.19:664][  0]LogTemp: Display: Loaded TP AllDesktopTargetPlatform
[2018.08.25-10.37.19:676][  0]LogTemp: Display: Loaded TP MacClientTargetPlatform
[2018.08.25-10.37.19:689][  0]LogTemp: Display: Loaded TP MacNoEditorTargetPlatform
[2018.08.25-10.37.19:705][  0]LogTemp: Display: Loaded TP MacServerTargetPlatform
[2018.08.25-10.37.19:723][  0]LogTemp: Display: Loaded TP MacTargetPlatform
[2018.08.25-10.37.19:736][  0]LogTemp: Display: Loaded TP WindowsClientTargetPlatform
[2018.08.25-10.37.19:749][  0]LogTemp: Display: Loaded TP WindowsNoEditorTargetPlatform
[2018.08.25-10.37.19:761][  0]LogTemp: Display: Loaded TP WindowsServerTargetPlatform
[2018.08.25-10.37.19:767][  0]LogTemp: Display: Loaded TP WindowsTargetPlatform
[2018.08.25-10.37.19:872][  0]LogTemp: Display: Loaded TP AndroidTargetPlatform
[2018.08.25-10.37.19:872][  0]LogTemp: Display: Loaded TP AndroidTargetPlatform
[2018.08.25-10.37.19:872][  0]LogTemp: Display: Loaded TP AndroidTargetPlatform
[2018.08.25-10.37.19:872][  0]LogTemp: Display: Loaded TP AndroidTargetPlatform
[2018.08.25-10.37.19:872][  0]LogTemp: Display: Loaded TP AndroidTargetPlatform
[2018.08.25-10.37.19:872][  0]LogTemp: Display: Loaded TP AndroidTargetPlatform
[2018.08.25-10.37.19:872][  0]LogTemp: Display: Loaded TP AndroidTargetPlatform
[2018.08.25-10.37.19:872][  0]LogTemp: Display: Loaded TP AndroidTargetPlatform
[2018.08.25-10.37.19:872][  0]LogTemp: Display: Loaded TP AndroidTargetPlatform
[2018.08.25-10.37.19:872][  0]LogTemp: Display: Loaded TP AndroidTargetPlatform
[2018.08.25-10.37.19:872][  0]LogTemp: Display: Loaded TP AndroidTargetPlatform
[2018.08.25-10.37.19:872][  0]LogTemp: Display: Loaded TP AndroidTargetPlatform
[2018.08.25-10.37.19:872][  0]LogTemp: Display: Loaded TP AndroidTargetPlatform
[2018.08.25-10.37.19:872][  0]LogTemp: Display: Loaded TP AndroidTargetPlatform
[2018.08.25-10.37.19:872][  0]LogTemp: Display: Loaded TP AndroidTargetPlatform
[2018.08.25-10.37.19:872][  0]LogTemp: Display: Loaded TP AndroidTargetPlatform
[2018.08.25-10.37.19:872][  0]LogTemp: Display: Loaded TP AndroidTargetPlatform
[2018.08.25-10.37.19:872][  0]LogTemp: Display: Loaded TP AndroidTargetPlatform
[2018.08.25-10.37.19:874][  0]LogTemp: Display: Loaded TP HTML5TargetPlatform
[2018.08.25-10.37.19:940][  0]LogTemp: Display: Loaded TP IOSTargetPlatform
[2018.08.25-10.37.19:940][  0]LogTemp: Display: Loaded TP IOSTargetPlatform
[2018.08.25-10.37.19:983][  0]LogTemp: Display: Loaded TP TVOSTargetPlatform
[2018.08.25-10.37.19:983][  0]LogTemp: Display: Loaded TP TVOSTargetPlatform
[2018.08.25-10.37.20:000][  0]LogTemp: Display: Loaded TP LinuxClientTargetPlatform
[2018.08.25-10.37.20:014][  0]LogTemp: Display: Loaded TP LinuxNoEditorTargetPlatform
[2018.08.25-10.37.20:027][  0]LogTemp: Display: Loaded TP LinuxServerTargetPlatform
[2018.08.25-10.37.20:039][  0]LogTemp: Display: Loaded TP LinuxTargetPlatform
[2018.08.25-10.37.20:048][  0]LogTemp: Display: Loaded TP LuminTargetPlatform
[2018.08.25-10.37.20:048][  0]LogTargetPlatformManager: Display: Building Assets For Windows
[2018.08.25-10.37.20:101][  0]LogXGEController: Cleaning working directory: C:/Users/Berserk/AppData/Local/Temp/UnrealXGEWorkingDir/
[2018.08.25-10.37.20:101][  0]LogXGEController: Cannot use XGE Controller as Incredibuild is not installed on this machine.
[2018.08.25-10.37.20:102][  0]LogShaderCompilers: Cannot use XGE Shader Compiler as Incredibuild is not installed on this machine.
[2018.08.25-10.37.20:102][  0]LogShaderCompilers: Display: Using Local Shader Compiler.
[2018.08.25-10.37.20:881][  0]LogDerivedDataCache: Display: Max Cache Size: 512 MB
[2018.08.25-10.37.20:942][  0]LogDerivedDataCache: Loaded boot cache 0.06s 71MB C:/Users/Berserk/AppData/Local/UnrealEngine/4.20/DerivedDataCache/Boot.ddc.
[2018.08.25-10.37.20:943][  0]LogDerivedDataCache: Display: Loaded Boot cache: C:/Users/Berserk/AppData/Local/UnrealEngine/4.20/DerivedDataCache/Boot.ddc
[2018.08.25-10.37.20:943][  0]LogDerivedDataCache: FDerivedDataBackendGraph:  Pak pak cache file ../../../../../Testgame_1/thirdpersondude/DerivedDataCache/DDC.ddp not found, will not use a pak cache.
[2018.08.25-10.37.20:943][  0]LogDerivedDataCache: Unable to find inner node Pak for hierarchical cache Hierarchy.
[2018.08.25-10.37.20:943][  0]LogDerivedDataCache: FDerivedDataBackendGraph:  CompressedPak pak cache file ../../../../../Testgame_1/thirdpersondude/DerivedDataCache/Compressed.ddp not found, will not use a pak cache.
[2018.08.25-10.37.20:943][  0]LogDerivedDataCache: Unable to find inner node CompressedPak for hierarchical cache Hierarchy.
[2018.08.25-10.37.20:956][  0]LogDerivedDataCache: Display: Pak cache opened for reading ../../../Engine/DerivedDataCache/Compressed.ddp.
[2018.08.25-10.37.20:968][  0]LogDerivedDataCache: Using Local data cache path C:/Users/Berserk/AppData/Local/UnrealEngine/Common/DerivedDataCache: Writable
[2018.08.25-10.37.20:968][  0]LogDerivedDataCache: Shared data cache path not found in *engine.ini, will not use an Shared cache.
[2018.08.25-10.37.20:968][  0]LogDerivedDataCache: Unable to find inner node Shared for hierarchical cache Hierarchy.
[2018.08.25-10.37.20:986][  0]LogMaterial: Verifying Global Shaders for PCD3D_SM5
[2018.08.25-10.37.20:987][  0]LogSlate: Using FreeType 2.6.0
[2018.08.25-10.37.20:988][  0]LogSlate: SlateFontServices - WITH_FREETYPE: 1, WITH_HARFBUZZ: 1
[2018.08.25-10.37.21:063][  0]LogAssetRegistry: FAssetRegistry took 0.0266 seconds to start up
[2018.08.25-10.37.21:380][  0]LogInit: Selected Device Profile: [Windows]
[2018.08.25-10.37.21:500][  0]LogSimplygon: Simplygon DLL not present - disabling.
[2018.08.25-10.37.21:503][  0]LogMeshReduction: Using SimplygonSwarm for distributed automatic mesh merging
[2018.08.25-10.37.21:503][  0]LogMeshReduction: Using ProxyLODMeshReduction for automatic mesh merging
[2018.08.25-10.37.21:503][  0]LogMeshReduction: Using QuadricMeshReduction for automatic static mesh reduction
[2018.08.25-10.37.21:503][  0]LogMeshReduction: No automatic skeletal mesh reduction module available
[2018.08.25-10.37.21:521][  0]LogNetVersion: thirdpersondude 1.0.0, NetCL: 4212847, EngineNetVer: 5, GameNetVer: 0 (Checksum: 3471732440)
[2018.08.25-10.37.21:993][  0]LogPackageLocalizationCache: Processed 11 localized package path(s) for 2 prioritized culture(s) in 0.086396 seconds
[2018.08.25-10.37.21:999][  0]LogUObjectArray: 38425 objects as part of root set at end of initial load.
[2018.08.25-10.37.21:999][  0]LogUObjectAllocator: 6690872 out of 0 bytes used by permanent object pool.
[2018.08.25-10.37.21:999][  0]LogUObjectArray: CloseDisregardForGC: 0/0 objects in disregard for GC pool
[2018.08.25-10.37.22:875][  0]LogTcpMessaging: Initializing TcpMessaging bridge
[2018.08.25-10.37.22:888][  0]LogUdpMessaging: Initializing bridge on interface 0.0.0.0:0 to multicast group 230.0.0.1:6666.
[2018.08.25-10.37.23:030][  0]SourceControl: Source control is disabled
[2018.08.25-10.37.23:030][  0]SourceControl: Source control is disabled
[2018.08.25-10.37.23:032][  0]SourceControl: Source control is disabled
[2018.08.25-10.37.23:032][  0]SourceControl: Source control is disabled
[2018.08.25-10.37.23:254][  0]LogAndroidPermission: UAndroidPermissionCallbackProxy::GetInstance
[2018.08.25-10.37.23:304][  0]LogOcInput: OculusInput pre-init called
[2018.08.25-10.37.23:363][  0]LogEngine: Initializing Engine...
[2018.08.25-10.37.23:363][  0]LogHMD: Failed to initialize OpenVR with code 110
[2018.08.25-10.37.23:365][  0]LogStats: UGameplayTagsManager::ConstructGameplayTagTree: ImportINI prefixes -  0.000 s
[2018.08.25-10.37.23:365][  0]LogStats: UGameplayTagsManager::ConstructGameplayTagTree: Construct from data asset -  0.000 s
[2018.08.25-10.37.23:365][  0]LogStats: UGameplayTagsManager::ConstructGameplayTagTree: ImportINI -  0.000 s
[2018.08.25-10.37.23:365][  0]LogStats: UGameplayTagsManager::ConstructGameplayTagTree: GameplayTagTreeChangedEvent.Broadcast -  0.000 s
[2018.08.25-10.37.23:591][  0]LogInit: Initializing FReadOnlyCVARCache
[2018.08.25-10.37.23:600][  0]LogAIModule: Creating AISystem for world Untitled
[2018.08.25-10.37.23:606][  0]LogInit: XAudio2 using 'Speakers (Logitech G430 Gaming Headset)' : 2 channels at 48 kHz using 16 bits per sample (channel mask 0x3)
[2018.08.25-10.37.23:618][  0]LogInit: FAudioDevice initialized.
[2018.08.25-10.37.23:618][  0]LogNetVersion: Set ProjectVersion to 1.0.0.0. Version Checksum will be recalculated on next use.
[2018.08.25-10.37.23:675][  0]LogDerivedDataCache: Saved boot cache 0.06s 71MB C:/Users/Berserk/AppData/Local/UnrealEngine/4.20/DerivedDataCache/Boot.ddc.
[2018.08.25-10.37.23:691][  0]LogInit: Texture streaming: Enabled
[2018.08.25-10.37.23:703][  0]LogEngineSessionManager: EngineSessionManager initialized
[2018.08.25-10.37.23:716][  0]LogInit: Transaction tracking system initialized
[2018.08.25-10.37.23:730][  0]BlueprintLog: New page: Editor Load
[2018.08.25-10.37.23:779][  0]LocalizationService: Localization service is disabled
[2018.08.25-10.37.24:099][  0]LogCook: Display: Max memory allowance for cook 16384mb min free memory 0mb
[2018.08.25-10.37.24:099][  0]LogCook: Display: Mobile HDR setting 1
[2018.08.25-10.37.24:099][  0]LogGameplayTags: Display: UGameplayTagsManager::DoneAddingNativeTags. DelegateIsBound: 0
[2018.08.25-10.37.24:099][  0]LogStats: UGameplayTagsManager::ConstructGameplayTagTree: ImportINI prefixes -  0.000 s
[2018.08.25-10.37.24:099][  0]LogStats: UGameplayTagsManager::ConstructGameplayTagTree: Construct from data asset -  0.000 s
[2018.08.25-10.37.24:099][  0]LogStats: UGameplayTagsManager::ConstructGameplayTagTree: ImportINI -  0.000 s
[2018.08.25-10.37.24:099][  0]LogStats: UGameplayTagsManager::ConstructGameplayTagTree: GameplayTagTreeChangedEvent.Broadcast -  0.000 s
[2018.08.25-10.37.24:197][  0]LogFileCache: Scanning file cache for directory 'D:/Testgame_1/thirdpersondude/Content/' took 0.01s
[2018.08.25-10.37.24:197][  0]SourceControl: Source control is disabled
[2018.08.25-10.37.24:197][  0]Cmd: MAP LOAD FILE="../../../../../Testgame_1/thirdpersondude/Content/ThirdPersonBP/Maps/ThirdPersonExampleMap.umap" TEMPLATE=0 SHOWPROGRESS=1 FEATURELEVEL=3
[2018.08.25-10.37.24:198][  0]LightingResults: New page: Lighting Build
[2018.08.25-10.37.24:199][  0]MapCheck: New page: Map Check
[2018.08.25-10.37.24:199][  0]LightingResults: New page: Lighting Build
[2018.08.25-10.37.24:600][  0]LogAIModule: Creating AISystem for world ThirdPersonExampleMap
[2018.08.25-10.37.24:612][  0]LogEditorServer: Finished looking for orphan Actors (0.000 secs)
[2018.08.25-10.37.24:638][  0]Cmd: MAP CHECKDEP NOCLEARLOG
[2018.08.25-10.37.24:694][  0]MapCheck: Map check complete: 0 Error(s), 0 Warning(s), took 55.929ms to complete.
[2018.08.25-10.37.24:694][  0]LogFileHelpers: Loading map 'ThirdPersonExampleMap' took 0.497
[2018.08.25-10.37.24:796][  0]LogSlate: Updating window title bar state: overlay mode, drag disabled, window buttons hidden, title bar hidden
[2018.08.25-10.37.24:806][  0]LogSlate: Updating window title bar state: overlay mode, drag disabled, window buttons hidden, title bar hidden
[2018.08.25-10.37.24:814][  0]LogSlate: Updating window title bar state: overlay mode, drag disabled, window buttons hidden, title bar hidden
[2018.08.25-10.37.24:824][  0]LogSlate: Updating window title bar state: overlay mode, drag disabled, window buttons hidden, title bar hidden
[2018.08.25-10.37.24:830][  0]LogCollectionManager: Loaded 0 collections in 0.000869 seconds
[2018.08.25-10.37.24:870][  0]LogFileCache: Scanning file cache for directory 'D:/Testgame_1/thirdpersondude/Saved/Collections/' took 0.01s
[2018.08.25-10.37.24:870][  0]LogFileCache: Scanning file cache for directory 'D:/Testgame_1/thirdpersondude/Content/Developers/Berserk/Collections/' took 0.01s
[2018.08.25-10.37.24:870][  0]LogFileCache: Scanning file cache for directory 'D:/Testgame_1/thirdpersondude/Content/Collections/' took 0.01s
[2018.08.25-10.37.24:870][  0]LogCollectionManager: Rebuilt the GUID cache for 0 collections in 0.000000 seconds
[2018.08.25-10.37.24:882][  0]LogContentBrowser: Native class hierarchy populated in 0.0114 seconds. Added 2572 classes and 603 folders.
[2018.08.25-10.37.24:888][  0]LogContentBrowser: Native class hierarchy updated for 'WidgetCarousel' in 0.0002 seconds. Added 0 classes and 0 folders.
[2018.08.25-10.37.24:931][  0]LogContentBrowser: Native class hierarchy updated for 'AddContentDialog' in 0.0002 seconds. Added 0 classes and 0 folders.
[2018.08.25-10.37.24:935][  0]LogContentBrowser: Native class hierarchy updated for 'SceneOutliner' in 0.0002 seconds. Added 1 classes and 2 folders.
[2018.08.25-10.37.24:950][  0]LogSlate: Took 0.000358 seconds to synchronously load lazily loaded font '../../../Engine/Content/Slate/Fonts/Roboto-Regular.ttf' (155K)
[2018.08.25-10.37.24:953][  0]LogSlate: Took 0.000294 seconds to synchronously load lazily loaded font '../../../Engine/Content/Slate/Fonts/Roboto-Bold.ttf' (160K)
[2018.08.25-10.37.24:964][  0]LogSlate: Took 0.000296 seconds to synchronously load lazily loaded font '../../../Engine/Content/Editor/Slate/Fonts/FontAwesome.ttf' (139K)
[2018.08.25-10.37.25:069][  0]LogRenderer: Reallocating scene render targets to support 964x436 Format 10 NumSamples 1 (Frame:1).
[2018.08.25-10.37.25:257][  0]LogContentBrowser: Native class hierarchy updated for 'HierarchicalLODOutliner' in 0.0003 seconds. Added 0 classes and 0 folders.
[2018.08.25-10.37.25:257][  0]LogLoad: (Engine Initialization) Total time: 8.32 seconds
[2018.08.25-10.37.25:257][  0]LogLoad: (Engine Initialization) Total Blueprint compile time: 0.00 seconds
[2018.08.25-10.37.25:293][  0]LogContentStreaming: Texture pool size now 1000 MB
[2018.08.25-10.37.25:304][  0]LogSlate: Took 0.000150 seconds to synchronously load lazily loaded font '../../../Engine/Content/Slate/Fonts/Roboto-Light.ttf' (167K)
[2018.08.25-10.37.25:324][  1]LogAssetRegistry: Asset discovery search completed in 4.2842 seconds
[2018.08.25-10.37.25:326][  1]LogCollectionManager: Rebuilt the object cache for 0 collections in 0.000000 seconds (found 0 objects)
[2018.08.25-10.37.25:326][  1]LogCollectionManager: Fixed up redirectors for 0 collections in 0.000059 seconds (updated 0 objects)
[2018.08.25-10.37.29:643][ 45]LogEditorViewport: Clicking on Actor (LMB): BP_Sky_Sphere_C (SkySphereBlueprint)
[2018.08.25-10.37.29:703][ 45]LogEditorViewport: Clicking on Actor (context menu): BP_Sky_Sphere_C (SkySphereBlueprint)
[2018.08.25-10.37.31:006][ 45]LogSlate: FSceneViewport::OnFocusLost() reason 2
[2018.08.25-10.37.45:977][387]LogSlate: FSceneViewport::OnFocusLost() reason 0
[2018.08.25-10.38.06:985][487]LogSlate: FSceneViewport::OnFocusLost() reason 2
[2018.08.25-10.38.50:469][ 97]LogSlate: Took 0.000205 seconds to synchronously load lazily loaded font '../../../Engine/Content/Slate/Fonts/Roboto-Light.ttf' (167K)
[2018.08.25-10.38.50:550][ 97]LogFactory: FactoryCreateFile: FileMediaSource with WmfFileMediaSourceFactory (0 0 C:/Users/Berserk/Downloads/National Anthem of USSR.mp3)
[2018.08.25-10.39.00:262][920]LogSlate: Window 'Delete Assets' being destroyed
[2018.08.25-10.39.03:356][ 24]LogFactory: FactoryCreateFile: SoundWave with ReimportSoundFactory (0 0 C:/Users/Berserk/Downloads/National Anthem of USSR.wav)
[2018.08.25-10.39.10:051][712]LogSlate: FSceneViewport::OnFocusLost() reason 0
[2018.08.25-10.39.17:803][515]LogSlate: FSceneViewport::OnFocusLost() reason 0
[2018.08.25-10.39.26:117][324]LogSlate: FSceneViewport::OnFocusLost() reason 0
[2018.08.25-10.39.26:212][335]LogTemp: Repeating last play command: Selected Viewport
[2018.08.25-10.39.26:320][335]LogBlueprintUserMessages: Early PlayInEditor Detection: Level '/Game/ThirdPersonBP/Maps/ThirdPersonExampleMap.ThirdPersonExampleMap:PersistentLevel' has LevelScriptBlueprint '/Game/ThirdPersonBP/Maps/ThirdPersonExampleMap.ThirdPersonExampleMap:PersistentLevel.ThirdPersonExampleMap' with GeneratedClass '/Game/ThirdPersonBP/Maps/ThirdPersonExampleMap.ThirdPersonExampleMap_C' with ClassGeneratedBy '/Game/ThirdPersonBP/Maps/ThirdPersonExampleMap.ThirdPersonExampleMap:PersistentLevel.ThirdPersonExampleMap'
[2018.08.25-10.39.26:321][335]LogPlayLevel: PlayLevel: No blueprints needed recompiling
[2018.08.25-10.39.26:347][335]PIE: New page: PIE session: ThirdPersonExampleMap (Aug 25, 2018, 4:39:26 PM)
[2018.08.25-10.39.26:347][335]LogPlayLevel: Creating play world package: /Game/ThirdPersonBP/Maps/UEDPIE_0_ThirdPersonExampleMap
[2018.08.25-10.39.26:411][335]LogPlayLevel: PIE: StaticDuplicateObject took: (0.064252s)
[2018.08.25-10.39.26:412][335]LogAIModule: Creating AISystem for world ThirdPersonExampleMap
[2018.08.25-10.39.26:413][335]LogPlayLevel: PIE: World Init took: (0.001454s)
[2018.08.25-10.39.26:413][335]LogPlayLevel: PIE: Created PIE world by copying editor world from /Game/ThirdPersonBP/Maps/ThirdPersonExampleMap.ThirdPersonExampleMap to /Game/ThirdPersonBP/Maps/UEDPIE_0_ThirdPersonExampleMap.ThirdPersonExampleMap (0.066694s)
[2018.08.25-10.39.26:456][335]LogInit: XAudio2 using 'Speakers (Logitech G430 Gaming Headset)' : 2 channels at 48 kHz using 16 bits per sample (channel mask 0x3)
[2018.08.25-10.39.26:464][335]LogInit: FAudioDevice initialized.
[2018.08.25-10.39.26:516][335]LogLoad: Game class is 'ThirdPersonGameMode_C'
[2018.08.25-10.39.26:520][335]LogWorld: Bringing World /Game/ThirdPersonBP/Maps/UEDPIE_0_ThirdPersonExampleMap.ThirdPersonExampleMap up for play (max tick rate 0) at 2018.08.25-13.39.26
[2018.08.25-10.39.26:520][335]LogWorld: Bringing up level for play took: 0.001948
[2018.08.25-10.39.26:536][335]LogContentBrowser: Native class hierarchy updated for 'MovieSceneCapture' in 0.0003 seconds. Added 10 classes and 0 folders.
[2018.08.25-10.39.26:537][335]PIE: Play in editor start time for /Game/ThirdPersonBP/Maps/UEDPIE_0_ThirdPersonExampleMap 0.493
[2018.08.25-10.39.26:538][335]LogBlueprintUserMessages: Late PlayInEditor Detection: Level '/Game/ThirdPersonBP/Maps/ThirdPersonExampleMap.ThirdPersonExampleMap:PersistentLevel' has LevelScriptBlueprint '/Game/ThirdPersonBP/Maps/ThirdPersonExampleMap.ThirdPersonExampleMap:PersistentLevel.ThirdPersonExampleMap' with GeneratedClass '/Game/ThirdPersonBP/Maps/ThirdPersonExampleMap.ThirdPersonExampleMap_C' with ClassGeneratedBy '/Game/ThirdPersonBP/Maps/ThirdPersonExampleMap.ThirdPersonExampleMap:PersistentLevel.ThirdPersonExampleMap'
[2018.08.25-10.39.26:542][335]LogAudioDerivedData: Display: Building compressed audio format OGG hash OGG wave National_Anthem_of_USSR...
[2018.08.25-10.39.26:555][335]LogTemp: Couldn't find amount to resample to.
[2018.08.25-10.39.30:365][335]LogAudioDerivedData: Display: Updated SoundWave->RawPCMDataSize from 0 to 39686144 while cooking SoundWave /Game/Memefolder/National_Anthem_of_USSR.National_Anthem_of_USSR.
[2018.08.25-10.39.32:694][589]LogBlueprintUserMessages: Early EndPlayMap Detection: Level '/Game/ThirdPersonBP/Maps/ThirdPersonExampleMap.ThirdPersonExampleMap:PersistentLevel' has LevelScriptBlueprint '/Game/ThirdPersonBP/Maps/ThirdPersonExampleMap.ThirdPersonExampleMap:PersistentLevel.ThirdPersonExampleMap' with GeneratedClass '/Game/ThirdPersonBP/Maps/ThirdPersonExampleMap.ThirdPersonExampleMap_C' with ClassGeneratedBy '/Game/ThirdPersonBP/Maps/ThirdPersonExampleMap.ThirdPersonExampleMap:PersistentLevel.ThirdPersonExampleMap'
[2018.08.25-10.39.32:785][589]LogSlate: Updating window title bar state: overlay mode, drag disabled, window buttons hidden, title bar hidden
[2018.08.25-10.39.32:831][589]LogPlayLevel: Display: Shutting down PIE online subsystems
[2018.08.25-10.39.32:831][589]LogBlueprintUserMessages: Late EndPlayMap Detection: Level '/Game/ThirdPersonBP/Maps/ThirdPersonExampleMap.ThirdPersonExampleMap:PersistentLevel' has LevelScriptBlueprint '/Game/ThirdPersonBP/Maps/ThirdPersonExampleMap.ThirdPersonExampleMap:PersistentLevel.ThirdPersonExampleMap' with GeneratedClass '/Game/ThirdPersonBP/Maps/ThirdPersonExampleMap.ThirdPersonExampleMap_C' with ClassGeneratedBy '/Game/ThirdPersonBP/Maps/ThirdPersonExampleMap.ThirdPersonExampleMap:PersistentLevel.ThirdPersonExampleMap'
[2018.08.25-10.39.32:883][589]LogSlate: Updating window title bar state: overlay mode, drag disabled, window buttons hidden, title bar hidden
[2018.08.25-10.39.32:921][590]LogPlayLevel: Display: Destroying online subsystem :Context_1
[2018.08.25-10.39.33:760][686]LogSlate: FSceneViewport::OnFocusLost() reason 0
[2018.08.25-10.39.42:132][505]LogSlate: Window 'Source Control Login' being destroyed
[2018.08.25-10.39.46:301][938]SourceControl: fatal: D:/Ashwitch/UE_4.20/Engine/Content: 'D:/Ashwitch/UE_4.20/Engine/Content' is outside repository
[2018.08.25-10.39.51:391][938]LogSlate: Window 'Submit Files' being destroyed
[2018.08.25-10.39.52:074][938]LogSourceControl: commit successful: [master ed407f2] test
[2018.08.25-10.39.52:119][938]SourceControl: [master ed407f2] test
[2018.08.25-10.39.52:119][938]SourceControl:  2 files changed, 0 insertions(+), 0 deletions(-)
[2018.08.25-10.39.52:119][938]SourceControl:  rewrite Content/StarterContent/Architecture/Floor_400x400.uasset (90%)
[2018.08.25-10.39.52:125][938]SourceControl: Commited [master ed407f2] test.
